Running from: C:\Users\Erin\AppData\Roaming\SpaceEngineers\Mods\Aryx Weapon Enterprises\Models\AWE_Atlas 
Command: C:\Users\Erin\Desktop\SEUT\Tools\MWMBuilder\MwmBuilder.exe /f /s:C:\Users\Erin\AppData\Roaming\SpaceEngineers\Mods\Aryx Weapon Enterprises\Models\AWE_Atlas /m:LG_AtlasGatlingAzimuth*.fbx /o:C:\Users\Erin\AppData\Roaming\SpaceEngineers\Mods\Aryx Weapon Enterprises\Models\AWE_Atlas /x:C:\Users\Erin\Desktop\SEUT\Materials 
C:\Users\Erin\Desktop\SEUT\Materials\Armors.xml: 
    Materialslib
C:\Users\Erin\Desktop\SEUT\Materials\Character.xml: 
    Materialslib
C:\Users\Erin\Desktop\SEUT\Materials\enenra.xml: 
    Materialslib
C:\Users\Erin\Desktop\SEUT\Materials\Foliage.xml: 
    Materialslib
C:\Users\Erin\Desktop\SEUT\Materials\Items.xml: 
    Materialslib
C:\Users\Erin\Desktop\SEUT\Materials\LODs.xml: 
    Materialslib
C:\Users\Erin\Desktop\SEUT\Materials\Materials.xml: 
    Materialslib
Material Libraries: 
    Material libraries were successfully loaded from path: C:\Users\Erin\Desktop\SEUT\Materials
: 
    **FileName: C:\Users\Erin\AppData\Roaming\SpaceEngineers\Mods\Aryx Weapon Enterprises\Models\AWE_Atlas\LG_AtlasGatlingAzimuth.fbx
: 
    **Filename (without extension): LG_AtlasGatlingAzimuth
: 
    **Directory Name: C:\Users\Erin\AppData\Roaming\SpaceEngineers\Mods\Aryx Weapon Enterprises\Models\AWE_Atlas
: 
    **Number of characters to cull: 74
: 
    **Culled Path: Models\AWE_Atlas
Meshes: 
    Found 12 meshe(s).
Animations: 
    Found 0 animation(s).
C:\Users\Erin\AppData\Roaming\SpaceEngineers\Mods\Aryx Weapon Enterprises\Models\AWE_Atlas\LG_AtlasGatlingAzimuth.fbx: WARNING: 
    LOD model Models\AWE_Atlas\LG_AtlasGatlingAzimuth_LOD3 is missing
C:\Users\Erin\AppData\Roaming\SpaceEngineers\Mods\Aryx Weapon Enterprises\Models\AWE_Atlas\LG_AtlasGatlingAzimuth.fbx: 
    : Finished in 0.2s
: 
    **FileName: C:\Users\Erin\AppData\Roaming\SpaceEngineers\Mods\Aryx Weapon Enterprises\Models\AWE_Atlas\LG_AtlasGatlingAzimuth_LOD3.fbx
: 
    **Filename (without extension): LG_AtlasGatlingAzimuth_LOD3
: 
    **Directory Name: C:\Users\Erin\AppData\Roaming\SpaceEngineers\Mods\Aryx Weapon Enterprises\Models\AWE_Atlas
: 
    **Number of characters to cull: 74
: 
    **Culled Path: Models\AWE_Atlas
Meshes: 
    Found 4 meshe(s).
Animations: 
    Found 0 animation(s).
C:\Users\Erin\AppData\Roaming\SpaceEngineers\Mods\Aryx Weapon Enterprises\Models\AWE_Atlas\LG_AtlasGatlingAzimuth_LOD3.fbx: 
    : Finished in 0.2s
